<?xml version="1.0" encoding="UTF-8"?>
<!-- Generated by org.testng.reporters.JUnitXMLReporter -->
<testsuite ignored="0" hostname="TSG-LAP-216" failures="0" tests="3" name="Default test" time="28.213" errors="0" timestamp="2024-06-19T16:20:44 IST">
  <testcase classname="test01.Mobile_Results" name="launch" time="18.525"/>
  <testcase classname="test01.Mobile_Results" name="search" time="8.187"/>
  <testcase classname="test01.Mobile_Results" name="listMobileNames" time="0.091"/>
</testsuite> <!-- Default test -->
