<?xml version="1.0" encoding="UTF-8"?>
<testng-results ignored="0" total="3" passed="3" failed="0" skipped="0">
  <reporter-output>
  </reporter-output>
  <suite started-at="2024-06-19T16:20:16 IST" name="Default suite" finished-at="2024-06-19T16:20:44 IST" duration-ms="28213">
    <groups>
    </groups>
    <test started-at="2024-06-19T16:20:16 IST" name="Default test" finished-at="2024-06-19T16:20:44 IST" duration-ms="28213">
      <class name="test01.Mobile_Results">
        <test-method is-config="true" signature="setUp()[pri:0, instance:test01.Mobile_Results@18078bef]" started-at="2024-06-19T16:20:16 IST" name="setUp" finished-at="2024-06-19T16:20:17 IST" duration-ms="1380" status="PASS">
          <reporter-output>
          </reporter-output>
        </test-method> <!-- setUp -->
        <test-method signature="launch()[pri:1, instance:test01.Mobile_Results@18078bef]" started-at="2024-06-19T16:20:17 IST" name="launch" finished-at="2024-06-19T16:20:36 IST" duration-ms="18525" status="PASS">
          <reporter-output>
          </reporter-output>
        </test-method> <!-- launch -->
        <test-method signature="search()[pri:2, instance:test01.Mobile_Results@18078bef]" started-at="2024-06-19T16:20:36 IST" name="search" finished-at="2024-06-19T16:20:44 IST" duration-ms="8187" status="PASS">
          <reporter-output>
          </reporter-output>
        </test-method> <!-- search -->
        <test-method signature="listMobileNames()[pri:3, instance:test01.Mobile_Results@18078bef]" started-at="2024-06-19T16:20:44 IST" name="listMobileNames" finished-at="2024-06-19T16:20:44 IST" duration-ms="91" status="PASS">
          <reporter-output>
          </reporter-output>
        </test-method> <!-- listMobileNames -->
      </class> <!-- test01.Mobile_Results -->
    </test> <!-- Default test -->
  </suite> <!-- Default suite -->
</testng-results>
